This file contains any messages produced by compilers while
running configure, to aid debugging if configure makes a mistake.

It was created by goaccess configure 1.5.6, which was
generated by GNU Autoconf 2.69.  Invocation command line was

  $ ./configure --enable-utf8 --enable-geoip=legacy

## --------- ##
## Platform. ##
## --------- ##

hostname = CSE-135-hw1
uname -m = x86_64
uname -r = 5.4.0-97-generic
uname -s = Linux
uname -v = #110-Ubuntu SMP Thu Jan 13 18:22:13 UTC 2022

/usr/bin/uname -p = x86_64
/bin/uname -X     = unknown

/bin/arch              = x86_64
/usr/bin/arch -k       = unknown
/usr/convex/getsysinfo = unknown
/usr/bin/hostinfo      = unknown
/bin/machine           = unknown
/usr/bin/oslevel       = unknown
/bin/universe          = unknown

PATH: /home/vardhan/.vscode-server/bin/dfd34e8260c270da74b5c2d86d61aee4b6d56977/bin/remote-cli
PATH: /usr/local/sbin
PATH: /usr/local/bin
PATH: /usr/sbin
PATH: /usr/bin
PATH: /sbin
PATH: /bin
PATH: /usr/games
PATH: /usr/local/games
PATH: /snap/bin


## ----------- ##
## Core tests. ##
## ----------- ##

configure:2463: checking for a BSD-compatible install
configure:2531: result: /usr/bin/install -c
configure:2542: checking whether build environment is sane
configure:2597: result: yes
configure:2746: checking for a thread-safe mkdir -p
configure:2785: result: /usr/bin/mkdir -p
configure:2792: checking for gawk
configure:2808: found /usr/bin/gawk
configure:2819: result: gawk
configure:2830: checking whether make sets $(MAKE)
configure:2852: result: yes
configure:2881: checking whether make supports nested variables
configure:2898: result: yes
configure:3089: checking for cc
configure:3105: found /usr/bin/cc
configure:3116: result: cc
configure:3147: checking for C compiler version
configure:3156: cc --version >&5
cc (Ubuntu 9.4.0-1ubuntu1~20.04.1) 9.4.0
Copyright (C) 2019 Free Software Foundation, Inc.
This is free software; see the source for copying conditions.  There is NO
warranty; not even for MERCHANTABILITY or FITNESS FOR A PARTICULAR PURPOSE.

configure:3167: $? = 0
configure:3156: cc -v >&5
Using built-in specs.
COLLECT_GCC=cc
COLLECT_LTO_WRAPPER=/usr/lib/gcc/x86_64-linux-gnu/9/lto-wrapper
OFFLOAD_TARGET_NAMES=nvptx-none:hsa
OFFLOAD_TARGET_DEFAULT=1
Target: x86_64-linux-gnu
Configured with: ../src/configure -v --with-pkgversion='Ubuntu 9.4.0-1ubuntu1~20.04.1' --with-bugurl=file:///usr/share/doc/gcc-9/README.Bugs --enable-languages=c,ada,c++,go,brig,d,fortran,objc,obj-c++,gm2 --prefix=/usr --with-gcc-major-version-only --program-suffix=-9 --program-prefix=x86_64-linux-gnu- --enable-shared --enable-linker-build-id --libexecdir=/usr/lib --without-included-gettext --enable-threads=posix --libdir=/usr/lib --enable-nls --enable-clocale=gnu --enable-libstdcxx-debug --enable-libstdcxx-time=yes --with-default-libstdcxx-abi=new --enable-gnu-unique-object --disable-vtable-verify --enable-plugin --enable-default-pie --with-system-zlib --with-target-system-zlib=auto --enable-objc-gc=auto --enable-multiarch --disable-werror --with-arch-32=i686 --with-abi=m64 --with-multilib-list=m32,m64,mx32 --enable-multilib --with-tune=generic --enable-offload-targets=nvptx-none=/build/gcc-9-Av3uEd/gcc-9-9.4.0/debian/tmp-nvptx/usr,hsa --without-cuda-driver --enable-checking=release --build=x86_64-linux-gnu --host=x86_64-linux-gnu --target=x86_64-linux-gnu
Thread model: posix
gcc version 9.4.0 (Ubuntu 9.4.0-1ubuntu1~20.04.1) 
configure:3167: $? = 0
configure:3156: cc -V >&5
cc: error: unrecognized command line option '-V'
cc: fatal error: no input files
compilation terminated.
configure:3167: $? = 1
configure:3156: cc -qversion >&5
cc: error: unrecognized command line option '-qversion'; did you mean '--version'?
cc: fatal error: no input files
compilation terminated.
configure:3167: $? = 1
configure:3187: checking whether the C compiler works
configure:3209: cc    conftest.c  >&5
configure:3213: $? = 0
configure:3261: result: yes
configure:3264: checking for C compiler default output file name
configure:3266: result: a.out
configure:3272: checking for suffix of executables
configure:3279: cc -o conftest    conftest.c  >&5
configure:3283: $? = 0
configure:3305: result: 
configure:3327: checking whether we are cross compiling
configure:3335: cc -o conftest    conftest.c  >&5
configure:3339: $? = 0
configure:3346: ./conftest
configure:3350: $? = 0
configure:3338: result: no
configure:3343: checking for suffix of object files
configure:3365: cc -c   conftest.c >&5
configure:3369: $? = 0
configure:3390: result: o
configure:3394: checking whether we are using the GNU C compiler
configure:3413: cc -c   conftest.c >&5
configure:3413: $? = 0
configure:3422: result: yes
configure:3431: checking whether cc accepts -g
configure:3451: cc -c -g  conftest.c >&5
configure:3451: $? = 0
configure:3492: result: yes
configure:3509: checking for cc option to accept ISO C89
configure:3572: cc  -c   conftest.c >&5
configure:3572: $? = 0
configure:3585: result: none needed
configure:3610: checking whether cc understands -c and -o together
configure:3632: cc -c conftest.c -o conftest2.o
configure:3635: $? = 0
configure:3632: cc -c conftest.c -o conftest2.o
configure:3635: $? = 0
configure:3647: result: yes
configure:3667: checking whether make supports the include directive
configure:3682: make -f confmf.GNU && cat confinc.out
this is the am__doit target
configure:3685: $? = 0
configure:3704: result: yes (GNU style)
configure:3729: checking dependency style of cc
configure:3840: result: gcc3
configure:3858: checking for a sed that does not truncate output
configure:3922: result: /usr/bin/sed
configure:3928: checking whether NLS is requested
configure:3937: result: yes
configure:3977: checking for msgfmt
configure:4012: result: no
configure:4018: checking for gmsgfmt
configure:4049: result: :
configure:4099: checking for xgettext
configure:4134: result: no
configure:4176: checking for msgmerge
configure:4210: result: no
configure:4244: checking build system type
configure:4258: result: x86_64-pc-linux-gnu
configure:4278: checking host system type
configure:4291: result: x86_64-pc-linux-gnu
configure:4336: checking for ld used by cc
configure:4403: result: /usr/bin/ld
configure:4410: checking if the linker (/usr/bin/ld) is GNU ld
configure:4425: result: yes
configure:4432: checking for shared library run path origin
configure:4445: result: done
configure:4470: checking how to run the C preprocessor
configure:4501: cc -E  conftest.c
configure:4501: $? = 0
configure:4515: cc -E  conftest.c
conftest.c:11:10: fatal error: ac_nonexistent.h: No such file or directory
   11 | #include <ac_nonexistent.h>
      |          ^~~~~~~~~~~~~~~~~~
compilation terminated.
configure:4515: $? = 1
configure: failed program was:
| /* confdefs.h */
| #define PACKAGE_NAME "goaccess"
| #define PACKAGE_TARNAME "goaccess"
| #define PACKAGE_VERSION "1.5.6"
| #define PACKAGE_STRING "goaccess 1.5.6"
| #define PACKAGE_BUGREPORT "hello@goaccess.io"
| #define PACKAGE_URL "https://goaccess.io"
| #define PACKAGE "goaccess"
| #define VERSION "1.5.6"
| /* end confdefs.h.  */
| #include <ac_nonexistent.h>
configure:4540: result: cc -E
configure:4560: cc -E  conftest.c
configure:4560: $? = 0
configure:4574: cc -E  conftest.c
conftest.c:11:10: fatal error: ac_nonexistent.h: No such file or directory
   11 | #include <ac_nonexistent.h>
      |          ^~~~~~~~~~~~~~~~~~
compilation terminated.
configure:4574: $? = 1
configure: failed program was:
| /* confdefs.h */
| #define PACKAGE_NAME "goaccess"
| #define PACKAGE_TARNAME "goaccess"
| #define PACKAGE_VERSION "1.5.6"
| #define PACKAGE_STRING "goaccess 1.5.6"
| #define PACKAGE_BUGREPORT "hello@goaccess.io"
| #define PACKAGE_URL "https://goaccess.io"
| #define PACKAGE "goaccess"
| #define VERSION "1.5.6"
| /* end confdefs.h.  */
| #include <ac_nonexistent.h>
configure:4603: checking for grep that handles long lines and -e
configure:4661: result: /usr/bin/grep
configure:4666: checking for egrep
configure:4728: result: /usr/bin/grep -E
configure:5286: checking for CFPreferencesCopyAppValue
configure:5304: cc -o conftest    conftest.c  -Wl,-framework -Wl,CoreFoundation >&5
conftest.c:11:10: fatal error: CoreFoundation/CFPreferences.h: No such file or directory
   11 | #include <CoreFoundation/CFPreferences.h>
      |          ^~~~~~~~~~~~~~~~~~~~~~~~~~~~~~~~
compilation terminated.
configure:5304: $? = 1
configure: failed program was:
| /* confdefs.h */
| #define PACKAGE_NAME "goaccess"
| #define PACKAGE_TARNAME "goaccess"
| #define PACKAGE_VERSION "1.5.6"
| #define PACKAGE_STRING "goaccess 1.5.6"
| #define PACKAGE_BUGREPORT "hello@goaccess.io"
| #define PACKAGE_URL "https://goaccess.io"
| #define PACKAGE "goaccess"
| #define VERSION "1.5.6"
| /* end confdefs.h.  */
| #include <CoreFoundation/CFPreferences.h>
| int
| main ()
| {
| CFPreferencesCopyAppValue(NULL, NULL)
|   ;
|   return 0;
| }
configure:5313: result: no
configure:5320: checking for CFLocaleCopyCurrent
configure:5338: cc -o conftest    conftest.c  -Wl,-framework -Wl,CoreFoundation >&5
conftest.c:11:10: fatal error: CoreFoundation/CFLocale.h: No such file or directory
   11 | #include <CoreFoundation/CFLocale.h>
      |          ^~~~~~~~~~~~~~~~~~~~~~~~~~~
compilation terminated.
configure:5338: $? = 1
configure: failed program was:
| /* confdefs.h */
| #define PACKAGE_NAME "goaccess"
| #define PACKAGE_TARNAME "goaccess"
| #define PACKAGE_VERSION "1.5.6"
| #define PACKAGE_STRING "goaccess 1.5.6"
| #define PACKAGE_BUGREPORT "hello@goaccess.io"
| #define PACKAGE_URL "https://goaccess.io"
| #define PACKAGE "goaccess"
| #define VERSION "1.5.6"
| /* end confdefs.h.  */
| #include <CoreFoundation/CFLocale.h>
| int
| main ()
| {
| CFLocaleCopyCurrent();
|   ;
|   return 0;
| }
configure:5347: result: no
configure:5396: checking for GNU gettext in libc
configure:5420: cc -o conftest    conftest.c  >&5
configure:5420: $? = 0
configure:5429: result: yes
configure:6257: checking whether to use NLS
configure:6259: result: yes
configure:6262: checking where the gettext function comes from
configure:6273: result: libc
configure:6332: checking for libintl_dgettext in -lintl
configure:6357: cc -o conftest    conftest.c -lintl   >&5
/usr/bin/ld: cannot find -lintl
collect2: error: ld returned 1 exit status
configure:6357: $? = 1
configure: failed program was:
| /* confdefs.h */
| #define PACKAGE_NAME "goaccess"
| #define PACKAGE_TARNAME "goaccess"
| #define PACKAGE_VERSION "1.5.6"
| #define PACKAGE_STRING "goaccess 1.5.6"
| #define PACKAGE_BUGREPORT "hello@goaccess.io"
| #define PACKAGE_URL "https://goaccess.io"
| #define PACKAGE "goaccess"
| #define VERSION "1.5.6"
| #define ENABLE_NLS 1
| #define HAVE_GETTEXT 1
| #define HAVE_DCGETTEXT 1
| /* end confdefs.h.  */
| 
| /* Override any GCC internal prototype to avoid an error.
|    Use char because int might match the return type of a GCC
|    builtin and then its argument prototype would still apply.  */
| #ifdef __cplusplus
| extern "C"
| #endif
| char libintl_dgettext ();
| int
| main ()
| {
| return libintl_dgettext ();
|   ;
|   return 0;
| }
configure:6366: result: no
configure:6378: checking for dgettext in -lintl
configure:6403: cc -o conftest    conftest.c -lintl   >&5
conftest.c:21:6: warning: conflicting types for built-in function 'dgettext'; expected 'char *(const char *, const char *)' [-Wbuiltin-declaration-mismatch]
   21 | char dgettext ();
      |      ^~~~~~~~
/usr/bin/ld: cannot find -lintl
collect2: error: ld returned 1 exit status
configure:6403: $? = 1
configure: failed program was:
| /* confdefs.h */
| #define PACKAGE_NAME "goaccess"
| #define PACKAGE_TARNAME "goaccess"
| #define PACKAGE_VERSION "1.5.6"
| #define PACKAGE_STRING "goaccess 1.5.6"
| #define PACKAGE_BUGREPORT "hello@goaccess.io"
| #define PACKAGE_URL "https://goaccess.io"
| #define PACKAGE "goaccess"
| #define VERSION "1.5.6"
| #define ENABLE_NLS 1
| #define HAVE_GETTEXT 1
| #define HAVE_DCGETTEXT 1
| /* end confdefs.h.  */
| 
| /* Override any GCC internal prototype to avoid an error.
|    Use char because int might match the return type of a GCC
|    builtin and then its argument prototype would still apply.  */
| #ifdef __cplusplus
| extern "C"
| #endif
| char dgettext ();
| int
| main ()
| {
| return dgettext ();
|   ;
|   return 0;
| }
configure:6412: result: no
configure:6425: checking for pthread_create in -lpthread
configure:6450: cc -o conftest    conftest.c -lpthread   >&5
configure:6450: $? = 0
configure:6459: result: yes
configure:6499: checking whether to build with rdynamic for GNU ld
configure:6506: result: yes
configure:6518: checking for ANSI C header files
configure:6538: cc -c  -pthread  conftest.c >&5
configure:6538: $? = 0
configure:6611: cc -o conftest  -pthread   conftest.c -lpthread  >&5
configure:6611: $? = 0
configure:6611: ./conftest
configure:6611: $? = 0
configure:6622: result: yes
configure:6635: checking for sys/types.h
configure:6635: cc -c  -pthread  conftest.c >&5
configure:6635: $? = 0
configure:6635: result: yes
configure:6635: checking for sys/stat.h
configure:6635: cc -c  -pthread  conftest.c >&5
configure:6635: $? = 0
configure:6635: result: yes
configure:6635: checking for stdlib.h
configure:6635: cc -c  -pthread  conftest.c >&5
configure:6635: $? = 0
configure:6635: result: yes
configure:6635: checking for string.h
configure:6635: cc -c  -pthread  conftest.c >&5
configure:6635: $? = 0
configure:6635: result: yes
configure:6635: checking for memory.h
configure:6635: cc -c  -pthread  conftest.c >&5
configure:6635: $? = 0
configure:6635: result: yes
configure:6635: checking for strings.h
configure:6635: cc -c  -pthread  conftest.c >&5
configure:6635: $? = 0
configure:6635: result: yes
configure:6635: checking for inttypes.h
configure:6635: cc -c  -pthread  conftest.c >&5
configure:6635: $? = 0
configure:6635: result: yes
configure:6635: checking for stdint.h
configure:6635: cc -c  -pthread  conftest.c >&5
configure:6635: $? = 0
configure:6635: result: yes
configure:6635: checking for unistd.h
configure:6635: cc -c  -pthread  conftest.c >&5
configure:6635: $? = 0
configure:6635: result: yes
configure:6650: checking sha.h usability
configure:6650: cc -c  -pthread  conftest.c >&5
conftest.c:58:10: fatal error: sha.h: No such file or directory
   58 | #include <sha.h>
      |          ^~~~~~~
compilation terminated.
configure:6650: $? = 1
configure: failed program was:
| /* confdefs.h */
| #define PACKAGE_NAME "goaccess"
| #define PACKAGE_TARNAME "goaccess"
| #define PACKAGE_VERSION "1.5.6"
| #define PACKAGE_STRING "goaccess 1.5.6"
| #define PACKAGE_BUGREPORT "hello@goaccess.io"
| #define PACKAGE_URL "https://goaccess.io"
| #define PACKAGE "goaccess"
| #define VERSION "1.5.6"
| #define ENABLE_NLS 1
| #define HAVE_GETTEXT 1
| #define HAVE_DCGETTEXT 1
| #define HAVE_LIBPTHREAD 1
| #define STDC_HEADERS 1
| #define HAVE_SYS_TYPES_H 1
| #define HAVE_SYS_STAT_H 1
| #define HAVE_STDLIB_H 1
| #define HAVE_STRING_H 1
| #define HAVE_MEMORY_H 1
| #define HAVE_STRINGS_H 1
| #define HAVE_INTTYPES_H 1
| #define HAVE_STDINT_H 1
| #define HAVE_UNISTD_H 1
| /* end confdefs.h.  */
| #include <stdio.h>
| #ifdef HAVE_SYS_TYPES_H
| # include <sys/types.h>
| #endif
| #ifdef HAVE_SYS_STAT_H
| # include <sys/stat.h>
| #endif
| #ifdef STDC_HEADERS
| # include <stdlib.h>
| # include <stddef.h>
| #else
| # ifdef HAVE_STDLIB_H
| #  include <stdlib.h>
| # endif
| #endif
| #ifdef HAVE_STRING_H
| # if !defined STDC_HEADERS && defined HAVE_MEMORY_H
| #  include <memory.h>
| # endif
| # include <string.h>
| #endif
| #ifdef HAVE_STRINGS_H
| # include <strings.h>
| #endif
| #ifdef HAVE_INTTYPES_H
| # include <inttypes.h>
| #endif
| #ifdef HAVE_STDINT_H
| # include <stdint.h>
| #endif
| #ifdef HAVE_UNISTD_H
| # include <unistd.h>
| #endif
| #include <sha.h>
configure:6650: result: no
configure:6650: checking sha.h presence
configure:6650: cc -E  conftest.c
conftest.c:25:10: fatal error: sha.h: No such file or directory
   25 | #include <sha.h>
      |          ^~~~~~~
compilation terminated.
configure:6650: $? = 1
configure: failed program was:
| /* confdefs.h */
| #define PACKAGE_NAME "goaccess"
| #define PACKAGE_TARNAME "goaccess"
| #define PACKAGE_VERSION "1.5.6"
| #define PACKAGE_STRING "goaccess 1.5.6"
| #define PACKAGE_BUGREPORT "hello@goaccess.io"
| #define PACKAGE_URL "https://goaccess.io"
| #define PACKAGE "goaccess"
| #define VERSION "1.5.6"
| #define ENABLE_NLS 1
| #define HAVE_GETTEXT 1
| #define HAVE_DCGETTEXT 1
| #define HAVE_LIBPTHREAD 1
| #define STDC_HEADERS 1
| #define HAVE_SYS_TYPES_H 1
| #define HAVE_SYS_STAT_H 1
| #define HAVE_STDLIB_H 1
| #define HAVE_STRING_H 1
| #define HAVE_MEMORY_H 1
| #define HAVE_STRINGS_H 1
| #define HAVE_INTTYPES_H 1
| #define HAVE_STDINT_H 1
| #define HAVE_UNISTD_H 1
| /* end confdefs.h.  */
| #include <sha.h>
configure:6650: result: no
configure:6650: checking for sha.h
configure:6650: result: no
configure:6650: checking sha1.h usability
configure:6650: cc -c  -pthread  conftest.c >&5
conftest.c:58:10: fatal error: sha1.h: No such file or directory
   58 | #include <sha1.h>
      |          ^~~~~~~~
compilation terminated.
configure:6650: $? = 1
configure: failed program was:
| /* confdefs.h */
| #define PACKAGE_NAME "goaccess"
| #define PACKAGE_TARNAME "goaccess"
| #define PACKAGE_VERSION "1.5.6"
| #define PACKAGE_STRING "goaccess 1.5.6"
| #define PACKAGE_BUGREPORT "hello@goaccess.io"
| #define PACKAGE_URL "https://goaccess.io"
| #define PACKAGE "goaccess"
| #define VERSION "1.5.6"
| #define ENABLE_NLS 1
| #define HAVE_GETTEXT 1
| #define HAVE_DCGETTEXT 1
| #define HAVE_LIBPTHREAD 1
| #define STDC_HEADERS 1
| #define HAVE_SYS_TYPES_H 1
| #define HAVE_SYS_STAT_H 1
| #define HAVE_STDLIB_H 1
| #define HAVE_STRING_H 1
| #define HAVE_MEMORY_H 1
| #define HAVE_STRINGS_H 1
| #define HAVE_INTTYPES_H 1
| #define HAVE_STDINT_H 1
| #define HAVE_UNISTD_H 1
| /* end confdefs.h.  */
| #include <stdio.h>
| #ifdef HAVE_SYS_TYPES_H
| # include <sys/types.h>
| #endif
| #ifdef HAVE_SYS_STAT_H
| # include <sys/stat.h>
| #endif
| #ifdef STDC_HEADERS
| # include <stdlib.h>
| # include <stddef.h>
| #else
| # ifdef HAVE_STDLIB_H
| #  include <stdlib.h>
| # endif
| #endif
| #ifdef HAVE_STRING_H
| # if !defined STDC_HEADERS && defined HAVE_MEMORY_H
| #  include <memory.h>
| # endif
| # include <string.h>
| #endif
| #ifdef HAVE_STRINGS_H
| # include <strings.h>
| #endif
| #ifdef HAVE_INTTYPES_H
| # include <inttypes.h>
| #endif
| #ifdef HAVE_STDINT_H
| # include <stdint.h>
| #endif
| #ifdef HAVE_UNISTD_H
| # include <unistd.h>
| #endif
| #include <sha1.h>
configure:6650: result: no
configure:6650: checking sha1.h presence
configure:6650: cc -E  conftest.c
conftest.c:25:10: fatal error: sha1.h: No such file or directory
   25 | #include <sha1.h>
      |          ^~~~~~~~
compilation terminated.
configure:6650: $? = 1
configure: failed program was:
| /* confdefs.h */
| #define PACKAGE_NAME "goaccess"
| #define PACKAGE_TARNAME "goaccess"
| #define PACKAGE_VERSION "1.5.6"
| #define PACKAGE_STRING "goaccess 1.5.6"
| #define PACKAGE_BUGREPORT "hello@goaccess.io"
| #define PACKAGE_URL "https://goaccess.io"
| #define PACKAGE "goaccess"
| #define VERSION "1.5.6"
| #define ENABLE_NLS 1
| #define HAVE_GETTEXT 1
| #define HAVE_DCGETTEXT 1
| #define HAVE_LIBPTHREAD 1
| #define STDC_HEADERS 1
| #define HAVE_SYS_TYPES_H 1
| #define HAVE_SYS_STAT_H 1
| #define HAVE_STDLIB_H 1
| #define HAVE_STRING_H 1
| #define HAVE_MEMORY_H 1
| #define HAVE_STRINGS_H 1
| #define HAVE_INTTYPES_H 1
| #define HAVE_STDINT_H 1
| #define HAVE_UNISTD_H 1
| /* end confdefs.h.  */
| #include <sha1.h>
configure:6650: result: no
configure:6650: checking for sha1.h
configure:6650: result: no
configure:6662: checking for SHA1Init
configure:6662: cc -o conftest  -pthread   conftest.c -lpthread  >&5
/usr/bin/ld: /tmp/ccxI5MOb.o: in function `main':
conftest.c:(.text+0xe): undefined reference to `SHA1Init'
collect2: error: ld returned 1 exit status
configure:6662: $? = 1
configure: failed program was:
| /* confdefs.h */
| #define PACKAGE_NAME "goaccess"
| #define PACKAGE_TARNAME "goaccess"
| #define PACKAGE_VERSION "1.5.6"
| #define PACKAGE_STRING "goaccess 1.5.6"
| #define PACKAGE_BUGREPORT "hello@goaccess.io"
| #define PACKAGE_URL "https://goaccess.io"
| #define PACKAGE "goaccess"
| #define VERSION "1.5.6"
| #define ENABLE_NLS 1
| #define HAVE_GETTEXT 1
| #define HAVE_DCGETTEXT 1
| #define HAVE_LIBPTHREAD 1
| #define STDC_HEADERS 1
| #define HAVE_SYS_TYPES_H 1
| #define HAVE_SYS_STAT_H 1
| #define HAVE_STDLIB_H 1
| #define HAVE_STRING_H 1
| #define HAVE_MEMORY_H 1
| #define HAVE_STRINGS_H 1
| #define HAVE_INTTYPES_H 1
| #define HAVE_STDINT_H 1
| #define HAVE_UNISTD_H 1
| /* end confdefs.h.  */
| /* Define SHA1Init to an innocuous variant, in case <limits.h> declares SHA1Init.
|    For example, HP-UX 11i <limits.h> declares gettimeofday.  */
| #define SHA1Init innocuous_SHA1Init
| 
| /* System header to define __stub macros and hopefully few prototypes,
|     which can conflict with char SHA1Init (); below.
|     Prefer <limits.h> to <assert.h> if __STDC__ is defined, since
|     <limits.h> exists even on freestanding compilers.  */
| 
| #ifdef __STDC__
| # include <limits.h>
| #else
| # include <assert.h>
| #endif
| 
| #undef SHA1Init
| 
| /* Override any GCC internal prototype to avoid an error.
|    Use char because int might match the return type of a GCC
|    builtin and then its argument prototype would still apply.  */
| #ifdef __cplusplus
| extern "C"
| #endif
| char SHA1Init ();
| /* The GNU C library defines this for functions which it implements
|     to always fail with ENOSYS.  Some functions are actually named
|     something starting with __ and the normal name is an alias.  */
| #if defined __stub_SHA1Init || defined __stub___SHA1Init
| choke me
| #endif
| 
| int
| main ()
| {
| return SHA1Init ();
|   ;
|   return 0;
| }
configure:6662: result: no
configure:6894: checking for GeoIP_new in -lGeoIP
configure:6919: cc -o conftest  -pthread   conftest.c -lGeoIP  -lpthread  >&5
configure:6919: $? = 0
configure:6928: result: yes
configure:7001: checking for mvaddwstr in -lncursesw
configure:7026: cc -o conftest  -pthread   conftest.c -lncursesw  -lGeoIP -lpthread  >&5
configure:7026: $? = 0
configure:7036: result: yes
configure:7049: checking for library containing tputs
configure:7080: cc -o conftest  -pthread   conftest.c -lncursesw -lGeoIP -lpthread  >&5
configure:7080: $? = 0
configure:7097: result: none required
configure:7114: checking for ncursesw/ncurses.h
configure:7114: cc -c  -pthread  conftest.c >&5
configure:7114: $? = 0
configure:7114: result: yes
configure:7132: checking for ncurses.h
configure:7132: cc -c  -pthread  conftest.c >&5
configure:7132: $? = 0
configure:7132: result: yes
configure:7370: checking for sed
configure:7386: found /usr/bin/sed
configure:7398: result: yes
configure:7409: checking for tr
configure:7425: found /usr/bin/tr
configure:7437: result: yes
configure:7477: checking for gethostbyname in -lnsl
configure:7502: cc -o conftest  -pthread   conftest.c -lnsl  -lncursesw -lGeoIP -lpthread  >&5
configure:7502: $? = 0
configure:7511: result: yes
configure:7522: checking for socket in -lsocket
configure:7547: cc -o conftest  -pthread   conftest.c -lsocket  -lnsl -lncursesw -lGeoIP -lpthread  >&5
/usr/bin/ld: cannot find -lsocket
collect2: error: ld returned 1 exit status
configure:7547: $? = 1
configure: failed program was:
| /* confdefs.h */
| #define PACKAGE_NAME "goaccess"
| #define PACKAGE_TARNAME "goaccess"
| #define PACKAGE_VERSION "1.5.6"
| #define PACKAGE_STRING "goaccess 1.5.6"
| #define PACKAGE_BUGREPORT "hello@goaccess.io"
| #define PACKAGE_URL "https://goaccess.io"
| #define PACKAGE "goaccess"
| #define VERSION "1.5.6"
| #define ENABLE_NLS 1
| #define HAVE_GETTEXT 1
| #define HAVE_DCGETTEXT 1
| #define HAVE_LIBPTHREAD 1
| #define STDC_HEADERS 1
| #define HAVE_SYS_TYPES_H 1
| #define HAVE_SYS_STAT_H 1
| #define HAVE_STDLIB_H 1
| #define HAVE_STRING_H 1
| #define HAVE_MEMORY_H 1
| #define HAVE_STRINGS_H 1
| #define HAVE_INTTYPES_H 1
| #define HAVE_STDINT_H 1
| #define HAVE_UNISTD_H 1
| #define HAVE_LIBGEOIP 1
| #define HAVE_GEOLOCATION 1
| #define HAVE_LIBNCURSESW 1
| #define HAVE_LIBNCURSESW 1
| #define HAVE_NCURSESW_NCURSES_H 1
| #define HAVE_NCURSES_H 1
| #define HAVE_LIBNSL 1
| /* end confdefs.h.  */
| 
| /* Override any GCC internal prototype to avoid an error.
|    Use char because int might match the return type of a GCC
|    builtin and then its argument prototype would still apply.  */
| #ifdef __cplusplus
| extern "C"
| #endif
| char socket ();
| int
| main ()
| {
| return socket ();
|   ;
|   return 0;
| }
configure:7556: result: no
configure:7569: checking for ANSI C header files
configure:7673: result: yes
configure:7683: checking arpa/inet.h usability
configure:7683: cc -c  -pthread  conftest.c >&5
configure:7683: $? = 0
configure:7683: result: yes
configure:7683: checking arpa/inet.h presence
configure:7683: cc -E  conftest.c
configure:7683: $? = 0
configure:7683: result: yes
configure:7683: checking for arpa/inet.h
configure:7683: result: yes
configure:7695: checking fcntl.h usability
configure:7695: cc -c  -pthread  conftest.c >&5
configure:7695: $? = 0
configure:7695: result: yes
configure:7695: checking fcntl.h presence
configure:7695: cc -E  conftest.c
configure:7695: $? = 0
configure:7695: result: yes
configure:7695: checking for fcntl.h
configure:7695: result: yes
configure:7707: checking for inttypes.h
configure:7707: result: yes
configure:7719: checking limits.h usability
configure:7719: cc -c  -pthread  conftest.c >&5
configure:7719: $? = 0
configure:7719: result: yes
configure:7719: checking limits.h presence
configure:7719: cc -E  conftest.c
configure:7719: $? = 0
configure:7719: result: yes
configure:7719: checking for limits.h
configure:7719: result: yes
configure:7731: checking locale.h usability
configure:7731: cc -c  -pthread  conftest.c >&5
configure:7731: $? = 0
configure:7731: result: yes
configure:7731: checking locale.h presence
configure:7731: cc -E  conftest.c
configure:7731: $? = 0
configure:7731: result: yes
configure:7731: checking for locale.h
configure:7731: result: yes
configure:7743: checking netdb.h usability
configure:7743: cc -c  -pthread  conftest.c >&5
configure:7743: $? = 0
configure:7743: result: yes
configure:7743: checking netdb.h presence
configure:7743: cc -E  conftest.c
configure:7743: $? = 0
configure:7743: result: yes
configure:7743: checking for netdb.h
configure:7743: result: yes
configure:7755: checking netinet/in.h usability
configure:7755: cc -c  -pthread  conftest.c >&5
configure:7755: $? = 0
configure:7755: result: yes
configure:7755: checking netinet/in.h presence
configure:7755: cc -E  conftest.c
configure:7755: $? = 0
configure:7755: result: yes
configure:7755: checking for netinet/in.h
configure:7755: result: yes
configure:7767: checking stddef.h usability
configure:7767: cc -c  -pthread  conftest.c >&5
configure:7767: $? = 0
configure:7767: result: yes
configure:7767: checking stddef.h presence
configure:7767: cc -E  conftest.c
configure:7767: $? = 0
configure:7767: result: yes
configure:7767: checking for stddef.h
configure:7767: result: yes
configure:7779: checking for stdint.h
configure:7779: result: yes
configure:7791: checking for stdlib.h
configure:7791: result: yes
configure:7803: checking for string.h
configure:7803: result: yes
configure:7815: checking for strings.h
configure:7815: result: yes
configure:7827: checking sys/socket.h usability
configure:7827: cc -c  -pthread  conftest.c >&5
configure:7827: $? = 0
configure:7827: result: yes
configure:7827: checking sys/socket.h presence
configure:7827: cc -E  conftest.c
configure:7827: $? = 0
configure:7827: result: yes
configure:7827: checking for sys/socket.h
configure:7827: result: yes
configure:7839: checking sys/time.h usability
configure:7839: cc -c  -pthread  conftest.c >&5
configure:7839: $? = 0
configure:7839: result: yes
configure:7839: checking sys/time.h presence
configure:7839: cc -E  conftest.c
configure:7839: $? = 0
configure:7839: result: yes
configure:7839: checking for sys/time.h
configure:7839: result: yes
configure:7851: checking for unistd.h
configure:7851: result: yes
configure:7863: checking for an ANSI C-conforming const
configure:7929: cc -c  -pthread  conftest.c >&5
configure:7929: $? = 0
configure:7936: result: yes
configure:7944: checking for ptrdiff_t
configure:7944: cc -c  -pthread  conftest.c >&5
configure:7944: $? = 0
configure:7944: cc -c  -pthread  conftest.c >&5
conftest.c: In function 'main':
conftest.c:84:24: error: expected expression before ')' token
   84 | if (sizeof ((ptrdiff_t)))
      |                        ^
configure:7944: $? = 1
configure: failed program was:
| /* confdefs.h */
| #define PACKAGE_NAME "goaccess"
| #define PACKAGE_TARNAME "goaccess"
| #define PACKAGE_VERSION "1.5.6"
| #define PACKAGE_STRING "goaccess 1.5.6"
| #define PACKAGE_BUGREPORT "hello@goaccess.io"
| #define PACKAGE_URL "https://goaccess.io"
| #define PACKAGE "goaccess"
| #define VERSION "1.5.6"
| #define ENABLE_NLS 1
| #define HAVE_GETTEXT 1
| #define HAVE_DCGETTEXT 1
| #define HAVE_LIBPTHREAD 1
| #define STDC_HEADERS 1
| #define HAVE_SYS_TYPES_H 1
| #define HAVE_SYS_STAT_H 1
| #define HAVE_STDLIB_H 1
| #define HAVE_STRING_H 1
| #define HAVE_MEMORY_H 1
| #define HAVE_STRINGS_H 1
| #define HAVE_INTTYPES_H 1
| #define HAVE_STDINT_H 1
| #define HAVE_UNISTD_H 1
| #define HAVE_LIBGEOIP 1
| #define HAVE_GEOLOCATION 1
| #define HAVE_LIBNCURSESW 1
| #define HAVE_LIBNCURSESW 1
| #define HAVE_NCURSESW_NCURSES_H 1
| #define HAVE_NCURSES_H 1
| #define HAVE_LIBNSL 1
| #define STDC_HEADERS 1
| #define HAVE_ARPA_INET_H 1
| #define HAVE_FCNTL_H 1
| #define HAVE_INTTYPES_H 1
| #define HAVE_LIMITS_H 1
| #define HAVE_LOCALE_H 1
| #define HAVE_NETDB_H 1
| #define HAVE_NETINET_IN_H 1
| #define HAVE_STDDEF_H 1
| #define HAVE_STDINT_H 1
| #define HAVE_STDLIB_H 1
| #define HAVE_STRING_H 1
| #define HAVE_STRINGS_H 1
| #define HAVE_SYS_SOCKET_H 1
| #define HAVE_SYS_TIME_H 1
| #define HAVE_UNISTD_H 1
| /* end confdefs.h.  */
| #include <stdio.h>
| #ifdef HAVE_SYS_TYPES_H
| # include <sys/types.h>
| #endif
| #ifdef HAVE_SYS_STAT_H
| # include <sys/stat.h>
| #endif
| #ifdef STDC_HEADERS
| # include <stdlib.h>
| # include <stddef.h>
| #else
| # ifdef HAVE_STDLIB_H
| #  include <stdlib.h>
| # endif
| #endif
| #ifdef HAVE_STRING_H
| # if !defined STDC_HEADERS && defined HAVE_MEMORY_H
| #  include <memory.h>
| # endif
| # include <string.h>
| #endif
| #ifdef HAVE_STRINGS_H
| # include <strings.h>
| #endif
| #ifdef HAVE_INTTYPES_H
| # include <inttypes.h>
| #endif
| #ifdef HAVE_STDINT_H
| # include <stdint.h>
| #endif
| #ifdef HAVE_UNISTD_H
| # include <unistd.h>
| #endif
| int
| main ()
| {
| if (sizeof ((ptrdiff_t)))
| 	    return 0;
|   ;
|   return 0;
| }
configure:7944: result: yes
configure:7954: checking whether struct tm is in sys/time.h or time.h
configure:7974: cc -c  -pthread  conftest.c >&5
configure:7974: $? = 0
configure:7981: result: time.h
configure:7989: checking for int64_t
configure:7989: cc -c  -pthread  conftest.c >&5
configure:7989: $? = 0
configure:7989: cc -c  -pthread  conftest.c >&5
conftest.c: In function 'main':
conftest.c:87:53: warning: integer overflow in expression of type 'long int' results in '-9223372036854775808' [-Woverflow]
   87 |    < (int64_t) (((((int64_t) 1 << N) << N) - 1) * 2 + 2))];
      |                                                     ^
conftest.c:86:12: error: storage size of 'test_array' isn't constant
   86 | static int test_array [1 - 2 * !((int64_t) (((((int64_t) 1 << N) << N) - 1) * 2 + 1)
      |            ^~~~~~~~~~
configure:7989: $? = 1
configure: failed program was:
| /* confdefs.h */
| #define PACKAGE_NAME "goaccess"
| #define PACKAGE_TARNAME "goaccess"
| #define PACKAGE_VERSION "1.5.6"
| #define PACKAGE_STRING "goaccess 1.5.6"
| #define PACKAGE_BUGREPORT "hello@goaccess.io"
| #define PACKAGE_URL "https://goaccess.io"
| #define PACKAGE "goaccess"
| #define VERSION "1.5.6"
| #define ENABLE_NLS 1
| #define HAVE_GETTEXT 1
| #define HAVE_DCGETTEXT 1
| #define HAVE_LIBPTHREAD 1
| #define STDC_HEADERS 1
| #define HAVE_SYS_TYPES_H 1
| #define HAVE_SYS_STAT_H 1
| #define HAVE_STDLIB_H 1
| #define HAVE_STRING_H 1
| #define HAVE_MEMORY_H 1
| #define HAVE_STRINGS_H 1
| #define HAVE_INTTYPES_H 1
| #define HAVE_STDINT_H 1
| #define HAVE_UNISTD_H 1
| #define HAVE_LIBGEOIP 1
| #define HAVE_GEOLOCATION 1
| #define HAVE_LIBNCURSESW 1
| #define HAVE_LIBNCURSESW 1
| #define HAVE_NCURSESW_NCURSES_H 1
| #define HAVE_NCURSES_H 1
| #define HAVE_LIBNSL 1
| #define STDC_HEADERS 1
| #define HAVE_ARPA_INET_H 1
| #define HAVE_FCNTL_H 1
| #define HAVE_INTTYPES_H 1
| #define HAVE_LIMITS_H 1
| #define HAVE_LOCALE_H 1
| #define HAVE_NETDB_H 1
| #define HAVE_NETINET_IN_H 1
| #define HAVE_STDDEF_H 1
| #define HAVE_STDINT_H 1
| #define HAVE_STDLIB_H 1
| #define HAVE_STRING_H 1
| #define HAVE_STRINGS_H 1
| #define HAVE_SYS_SOCKET_H 1
| #define HAVE_SYS_TIME_H 1
| #define HAVE_UNISTD_H 1
| #define HAVE_PTRDIFF_T 1
| /* end confdefs.h.  */
| #include <stdio.h>
| #ifdef HAVE_SYS_TYPES_H
| # include <sys/types.h>
| #endif
| #ifdef HAVE_SYS_STAT_H
| # include <sys/stat.h>
| #endif
| #ifdef STDC_HEADERS
| # include <stdlib.h>
| # include <stddef.h>
| #else
| # ifdef HAVE_STDLIB_H
| #  include <stdlib.h>
| # endif
| #endif
| #ifdef HAVE_STRING_H
| # if !defined STDC_HEADERS && defined HAVE_MEMORY_H
| #  include <memory.h>
| # endif
| # include <string.h>
| #endif
| #ifdef HAVE_STRINGS_H
| # include <strings.h>
| #endif
| #ifdef HAVE_INTTYPES_H
| # include <inttypes.h>
| #endif
| #ifdef HAVE_STDINT_H
| # include <stdint.h>
| #endif
| #ifdef HAVE_UNISTD_H
| # include <unistd.h>
| #endif
| 	        enum { N = 64 / 2 - 1 };
| int
| main ()
| {
| static int test_array [1 - 2 * !((int64_t) (((((int64_t) 1 << N) << N) - 1) * 2 + 1)
| 		 < (int64_t) (((((int64_t) 1 << N) << N) - 1) * 2 + 2))];
| test_array [0] = 0;
| return test_array [0];
| 
|   ;
|   return 0;
| }
configure:7989: result: yes
configure:8000: checking for int8_t
configure:8000: cc -c  -pthread  conftest.c >&5
configure:8000: $? = 0
configure:8000: cc -c  -pthread  conftest.c >&5
conftest.c: In function 'main':
conftest.c:86:12: error: size of array 'test_array' is negative
   86 | static int test_array [1 - 2 * !((int8_t) (((((int8_t) 1 << N) << N) - 1) * 2 + 1)
      |            ^~~~~~~~~~
configure:8000: $? = 1
configure: failed program was:
| /* confdefs.h */
| #define PACKAGE_NAME "goaccess"
| #define PACKAGE_TARNAME "goaccess"
| #define PACKAGE_VERSION "1.5.6"
| #define PACKAGE_STRING "goaccess 1.5.6"
| #define PACKAGE_BUGREPORT "hello@goaccess.io"
| #define PACKAGE_URL "https://goaccess.io"
| #define PACKAGE "goaccess"
| #define VERSION "1.5.6"
| #define ENABLE_NLS 1
| #define HAVE_GETTEXT 1
| #define HAVE_DCGETTEXT 1
| #define HAVE_LIBPTHREAD 1
| #define STDC_HEADERS 1
| #define HAVE_SYS_TYPES_H 1
| #define HAVE_SYS_STAT_H 1
| #define HAVE_STDLIB_H 1
| #define HAVE_STRING_H 1
| #define HAVE_MEMORY_H 1
| #define HAVE_STRINGS_H 1
| #define HAVE_INTTYPES_H 1
| #define HAVE_STDINT_H 1
| #define HAVE_UNISTD_H 1
| #define HAVE_LIBGEOIP 1
| #define HAVE_GEOLOCATION 1
| #define HAVE_LIBNCURSESW 1
| #define HAVE_LIBNCURSESW 1
| #define HAVE_NCURSESW_NCURSES_H 1
| #define HAVE_NCURSES_H 1
| #define HAVE_LIBNSL 1
| #define STDC_HEADERS 1
| #define HAVE_ARPA_INET_H 1
| #define HAVE_FCNTL_H 1
| #define HAVE_INTTYPES_H 1
| #define HAVE_LIMITS_H 1
| #define HAVE_LOCALE_H 1
| #define HAVE_NETDB_H 1
| #define HAVE_NETINET_IN_H 1
| #define HAVE_STDDEF_H 1
| #define HAVE_STDINT_H 1
| #define HAVE_STDLIB_H 1
| #define HAVE_STRING_H 1
| #define HAVE_STRINGS_H 1
| #define HAVE_SYS_SOCKET_H 1
| #define HAVE_SYS_TIME_H 1
| #define HAVE_UNISTD_H 1
| #define HAVE_PTRDIFF_T 1
| /* end confdefs.h.  */
| #include <stdio.h>
| #ifdef HAVE_SYS_TYPES_H
| # include <sys/types.h>
| #endif
| #ifdef HAVE_SYS_STAT_H
| # include <sys/stat.h>
| #endif
| #ifdef STDC_HEADERS
| # include <stdlib.h>
| # include <stddef.h>
| #else
| # ifdef HAVE_STDLIB_H
| #  include <stdlib.h>
| # endif
| #endif
| #ifdef HAVE_STRING_H
| # if !defined STDC_HEADERS && defined HAVE_MEMORY_H
| #  include <memory.h>
| # endif
| # include <string.h>
| #endif
| #ifdef HAVE_STRINGS_H
| # include <strings.h>
| #endif
| #ifdef HAVE_INTTYPES_H
| # include <inttypes.h>
| #endif
| #ifdef HAVE_STDINT_H
| # include <stdint.h>
| #endif
| #ifdef HAVE_UNISTD_H
| # include <unistd.h>
| #endif
| 	        enum { N = 8 / 2 - 1 };
| int
| main ()
| {
| static int test_array [1 - 2 * !((int8_t) (((((int8_t) 1 << N) << N) - 1) * 2 + 1)
| 		 < (int8_t) (((((int8_t) 1 << N) << N) - 1) * 2 + 2))];
| test_array [0] = 0;
| return test_array [0];
| 
|   ;
|   return 0;
| }
configure:8000: result: yes
configure:8011: checking for off_t
configure:8011: cc -c  -pthread  conftest.c >&5
configure:8011: $? = 0
configure:8011: cc -c  -pthread  conftest.c >&5
conftest.c: In function 'main':
conftest.c:85:20: error: expected expression before ')' token
   85 | if (sizeof ((off_t)))
      |                    ^
configure:8011: $? = 1
configure: failed program was:
| /* confdefs.h */
| #define PACKAGE_NAME "goaccess"
| #define PACKAGE_TARNAME "goaccess"
| #define PACKAGE_VERSION "1.5.6"
| #define PACKAGE_STRING "goaccess 1.5.6"
| #define PACKAGE_BUGREPORT "hello@goaccess.io"
| #define PACKAGE_URL "https://goaccess.io"
| #define PACKAGE "goaccess"
| #define VERSION "1.5.6"
| #define ENABLE_NLS 1
| #define HAVE_GETTEXT 1
| #define HAVE_DCGETTEXT 1
| #define HAVE_LIBPTHREAD 1
| #define STDC_HEADERS 1
| #define HAVE_SYS_TYPES_H 1
| #define HAVE_SYS_STAT_H 1
| #define HAVE_STDLIB_H 1
| #define HAVE_STRING_H 1
| #define HAVE_MEMORY_H 1
| #define HAVE_STRINGS_H 1
| #define HAVE_INTTYPES_H 1
| #define HAVE_STDINT_H 1
| #define HAVE_UNISTD_H 1
| #define HAVE_LIBGEOIP 1
| #define HAVE_GEOLOCATION 1
| #define HAVE_LIBNCURSESW 1
| #define HAVE_LIBNCURSESW 1
| #define HAVE_NCURSESW_NCURSES_H 1
| #define HAVE_NCURSES_H 1
| #define HAVE_LIBNSL 1
| #define STDC_HEADERS 1
| #define HAVE_ARPA_INET_H 1
| #define HAVE_FCNTL_H 1
| #define HAVE_INTTYPES_H 1
| #define HAVE_LIMITS_H 1
| #define HAVE_LOCALE_H 1
| #define HAVE_NETDB_H 1
| #define HAVE_NETINET_IN_H 1
| #define HAVE_STDDEF_H 1
| #define HAVE_STDINT_H 1
| #define HAVE_STDLIB_H 1
| #define HAVE_STRING_H 1
| #define HAVE_STRINGS_H 1
| #define HAVE_SYS_SOCKET_H 1
| #define HAVE_SYS_TIME_H 1
| #define HAVE_UNISTD_H 1
| #define HAVE_PTRDIFF_T 1
| /* end confdefs.h.  */
| #include <stdio.h>
| #ifdef HAVE_SYS_TYPES_H
| # include <sys/types.h>
| #endif
| #ifdef HAVE_SYS_STAT_H
| # include <sys/stat.h>
| #endif
| #ifdef STDC_HEADERS
| # include <stdlib.h>
| # include <stddef.h>
| #else
| # ifdef HAVE_STDLIB_H
| #  include <stdlib.h>
| # endif
| #endif
| #ifdef HAVE_STRING_H
| # if !defined STDC_HEADERS && defined HAVE_MEMORY_H
| #  include <memory.h>
| # endif
| # include <string.h>
| #endif
| #ifdef HAVE_STRINGS_H
| # include <strings.h>
| #endif
| #ifdef HAVE_INTTYPES_H
| # include <inttypes.h>
| #endif
| #ifdef HAVE_STDINT_H
| # include <stdint.h>
| #endif
| #ifdef HAVE_UNISTD_H
| # include <unistd.h>
| #endif
| int
| main ()
| {
| if (sizeof ((off_t)))
| 	    return 0;
|   ;
|   return 0;
| }
configure:8011: result: yes
configure:8022: checking for size_t
configure:8022: cc -c  -pthread  conftest.c >&5
configure:8022: $? = 0
configure:8022: cc -c  -pthread  conftest.c >&5
conftest.c: In function 'main':
conftest.c:85:21: error: expected expression before ')' token
   85 | if (sizeof ((size_t)))
      |                     ^
configure:8022: $? = 1
configure: failed program was:
| /* confdefs.h */
| #define PACKAGE_NAME "goaccess"
| #define PACKAGE_TARNAME "goaccess"
| #define PACKAGE_VERSION "1.5.6"
| #define PACKAGE_STRING "goaccess 1.5.6"
| #define PACKAGE_BUGREPORT "hello@goaccess.io"
| #define PACKAGE_URL "https://goaccess.io"
| #define PACKAGE "goaccess"
| #define VERSION "1.5.6"
| #define ENABLE_NLS 1
| #define HAVE_GETTEXT 1
| #define HAVE_DCGETTEXT 1
| #define HAVE_LIBPTHREAD 1
| #define STDC_HEADERS 1
| #define HAVE_SYS_TYPES_H 1
| #define HAVE_SYS_STAT_H 1
| #define HAVE_STDLIB_H 1
| #define HAVE_STRING_H 1
| #define HAVE_MEMORY_H 1
| #define HAVE_STRINGS_H 1
| #define HAVE_INTTYPES_H 1
| #define HAVE_STDINT_H 1
| #define HAVE_UNISTD_H 1
| #define HAVE_LIBGEOIP 1
| #define HAVE_GEOLOCATION 1
| #define HAVE_LIBNCURSESW 1
| #define HAVE_LIBNCURSESW 1
| #define HAVE_NCURSESW_NCURSES_H 1
| #define HAVE_NCURSES_H 1
| #define HAVE_LIBNSL 1
| #define STDC_HEADERS 1
| #define HAVE_ARPA_INET_H 1
| #define HAVE_FCNTL_H 1
| #define HAVE_INTTYPES_H 1
| #define HAVE_LIMITS_H 1
| #define HAVE_LOCALE_H 1
| #define HAVE_NETDB_H 1
| #define HAVE_NETINET_IN_H 1
| #define HAVE_STDDEF_H 1
| #define HAVE_STDINT_H 1
| #define HAVE_STDLIB_H 1
| #define HAVE_STRING_H 1
| #define HAVE_STRINGS_H 1
| #define HAVE_SYS_SOCKET_H 1
| #define HAVE_SYS_TIME_H 1
| #define HAVE_UNISTD_H 1
| #define HAVE_PTRDIFF_T 1
| /* end confdefs.h.  */
| #include <stdio.h>
| #ifdef HAVE_SYS_TYPES_H
| # include <sys/types.h>
| #endif
| #ifdef HAVE_SYS_STAT_H
| # include <sys/stat.h>
| #endif
| #ifdef STDC_HEADERS
| # include <stdlib.h>
| # include <stddef.h>
| #else
| # ifdef HAVE_STDLIB_H
| #  include <stdlib.h>
| # endif
| #endif
| #ifdef HAVE_STRING_H
| # if !defined STDC_HEADERS && defined HAVE_MEMORY_H
| #  include <memory.h>
| # endif
| # include <string.h>
| #endif
| #ifdef HAVE_STRINGS_H
| # include <strings.h>
| #endif
| #ifdef HAVE_INTTYPES_H
| # include <inttypes.h>
| #endif
| #ifdef HAVE_STDINT_H
| # include <stdint.h>
| #endif
| #ifdef HAVE_UNISTD_H
| # include <unistd.h>
| #endif
| int
| main ()
| {
| if (sizeof ((size_t)))
| 	    return 0;
|   ;
|   return 0;
| }
configure:8022: result: yes
configure:8033: checking for uint32_t
configure:8033: cc -c  -pthread  conftest.c >&5
configure:8033: $? = 0
configure:8033: result: yes
configure:8047: checking for uint64_t
configure:8047: cc -c  -pthread  conftest.c >&5
configure:8047: $? = 0
configure:8047: result: yes
configure:8061: checking for uint8_t
configure:8061: cc -c  -pthread  conftest.c >&5
configure:8061: $? = 0
configure:8061: result: yes
configure:8077: checking for _LARGEFILE_SOURCE value needed for large files
configure:8096: cc -o conftest  -pthread   conftest.c -lnsl -lncursesw -lGeoIP -lpthread  >&5
configure:8096: $? = 0
configure:8124: result: no
configure:8145: checking for working memcmp
configure:8188: cc -o conftest  -pthread   conftest.c -lnsl -lncursesw -lGeoIP -lpthread  >&5
configure:8188: $? = 0
configure:8188: ./conftest
configure:8188: $? = 0
configure:8198: result: yes
configure:8207: checking whether time.h and sys/time.h may both be included
configure:8227: cc -c  -pthread  conftest.c >&5
configure:8227: $? = 0
configure:8234: result: yes
configure:8248: checking for sys/time.h
configure:8248: result: yes
configure:8248: checking for unistd.h
configure:8248: result: yes
configure:8269: checking for alarm
configure:8269: cc -o conftest  -pthread   conftest.c -lnsl -lncursesw -lGeoIP -lpthread  >&5
configure:8269: $? = 0
configure:8269: result: yes
configure:8282: checking for working mktime
configure:8484: cc -o conftest  -pthread   conftest.c -lnsl -lncursesw -lGeoIP -lpthread  >&5
configure:8484: $? = 0
configure:8484: ./conftest
configure:8484: $? = 0
configure:8494: result: yes
configure:8505: checking whether lstat correctly handles trailing slash
configure:8531: cc -o conftest  -pthread   conftest.c -lnsl -lncursesw -lGeoIP -lpthread  >&5
configure:8531: $? = 0
configure:8531: ./conftest
configure:8531: $? = 0
configure:8548: result: yes
configure:8567: checking whether stat accepts an empty string
configure:8587: cc -o conftest  -pthread   conftest.c -lnsl -lncursesw -lGeoIP -lpthread  >&5
configure:8587: $? = 0
configure:8587: ./conftest
configure:8587: $? = 0
configure:8597: result: no
configure:8615: checking for strftime
configure:8615: cc -o conftest  -pthread   conftest.c -lnsl -lncursesw -lGeoIP -lpthread  >&5
conftest.c:78:6: warning: conflicting types for built-in function 'strftime'; expected 'long unsigned int(char *, long unsigned int,  const char *, const void *)' [-Wbuiltin-declaration-mismatch]
   78 | char strftime ();
      |      ^~~~~~~~
conftest.c:66:1: note: 'strftime' is declared in header '<time.h>'
   65 | # include <limits.h>
   66 | #else
configure:8615: $? = 0
configure:8615: result: yes
configure:8668: checking for working strtod
configure:8709: cc -o conftest  -pthread   conftest.c -lnsl -lncursesw -lGeoIP -lpthread  >&5
configure:8709: $? = 0
configure:8709: ./conftest
configure:8709: $? = 0
configure:8719: result: yes
configure:8783: checking for floor
configure:8783: cc -o conftest  -pthread   conftest.c -lnsl -lncursesw -lGeoIP -lpthread  >&5
conftest.c:79:6: warning: conflicting types for built-in function 'floor'; expected 'double(double)' [-Wbuiltin-declaration-mismatch]
   79 | char floor ();
      |      ^~~~~
conftest.c:67:1: note: 'floor' is declared in header '<math.h>'
   66 | # include <limits.h>
   67 | #else
/usr/bin/ld: /tmp/ccXTTxnj.o: in function `main':
conftest.c:(.text+0xe): undefined reference to `floor'
collect2: error: ld returned 1 exit status
configure:8783: $? = 1
configure: failed program was:
| /* confdefs.h */
| #define PACKAGE_NAME "goaccess"
| #define PACKAGE_TARNAME "goaccess"
| #define PACKAGE_VERSION "1.5.6"
| #define PACKAGE_STRING "goaccess 1.5.6"
| #define PACKAGE_BUGREPORT "hello@goaccess.io"
| #define PACKAGE_URL "https://goaccess.io"
| #define PACKAGE "goaccess"
| #define VERSION "1.5.6"
| #define ENABLE_NLS 1
| #define HAVE_GETTEXT 1
| #define HAVE_DCGETTEXT 1
| #define HAVE_LIBPTHREAD 1
| #define STDC_HEADERS 1
| #define HAVE_SYS_TYPES_H 1
| #define HAVE_SYS_STAT_H 1
| #define HAVE_STDLIB_H 1
| #define HAVE_STRING_H 1
| #define HAVE_MEMORY_H 1
| #define HAVE_STRINGS_H 1
| #define HAVE_INTTYPES_H 1
| #define HAVE_STDINT_H 1
| #define HAVE_UNISTD_H 1
| #define HAVE_LIBGEOIP 1
| #define HAVE_GEOLOCATION 1
| #define HAVE_LIBNCURSESW 1
| #define HAVE_LIBNCURSESW 1
| #define HAVE_NCURSESW_NCURSES_H 1
| #define HAVE_NCURSES_H 1
| #define HAVE_LIBNSL 1
| #define STDC_HEADERS 1
| #define HAVE_ARPA_INET_H 1
| #define HAVE_FCNTL_H 1
| #define HAVE_INTTYPES_H 1
| #define HAVE_LIMITS_H 1
| #define HAVE_LOCALE_H 1
| #define HAVE_NETDB_H 1
| #define HAVE_NETINET_IN_H 1
| #define HAVE_STDDEF_H 1
| #define HAVE_STDINT_H 1
| #define HAVE_STDLIB_H 1
| #define HAVE_STRING_H 1
| #define HAVE_STRINGS_H 1
| #define HAVE_SYS_SOCKET_H 1
| #define HAVE_SYS_TIME_H 1
| #define HAVE_UNISTD_H 1
| #define HAVE_PTRDIFF_T 1
| #define HAVE_FSEEKO 1
| #define TIME_WITH_SYS_TIME 1
| #define HAVE_SYS_TIME_H 1
| #define HAVE_UNISTD_H 1
| #define HAVE_ALARM 1
| #define LSTAT_FOLLOWS_SLASHED_SYMLINK 1
| #define HAVE_STRFTIME 1
| /* end confdefs.h.  */
| /* Define floor to an innocuous variant, in case <limits.h> declares floor.
|    For example, HP-UX 11i <limits.h> declares gettimeofday.  */
| #define floor innocuous_floor
| 
| /* System header to define __stub macros and hopefully few prototypes,
|     which can conflict with char floor (); below.
|     Prefer <limits.h> to <assert.h> if __STDC__ is defined, since
|     <limits.h> exists even on freestanding compilers.  */
| 
| #ifdef __STDC__
| # include <limits.h>
| #else
| # include <assert.h>
| #endif
| 
| #undef floor
| 
| /* Override any GCC internal prototype to avoid an error.
|    Use char because int might match the return type of a GCC
|    builtin and then its argument prototype would still apply.  */
| #ifdef __cplusplus
| extern "C"
| #endif
| char floor ();
| /* The GNU C library defines this for functions which it implements
|     to always fail with ENOSYS.  Some functions are actually named
|     something starting with __ and the normal name is an alias.  */
| #if defined __stub_floor || defined __stub___floor
| choke me
| #endif
| 
| int
| main ()
| {
| return floor ();
|   ;
|   return 0;
| }
configure:8783: result: no
configure:8794: checking for gethostbyaddr
configure:8794: cc -o conftest  -pthread   conftest.c -lnsl -lncursesw -lGeoIP -lpthread  >&5
configure:8794: $? = 0
configure:8794: result: yes
configure:8805: checking for gethostbyname
configure:8805: cc -o conftest  -pthread   conftest.c -lnsl -lncursesw -lGeoIP -lpthread  >&5
configure:8805: $? = 0
configure:8805: result: yes
configure:8816: checking for gettimeofday
configure:8816: cc -o conftest  -pthread   conftest.c -lnsl -lncursesw -lGeoIP -lpthread  >&5
configure:8816: $? = 0
configure:8816: result: yes
configure:8827: checking for malloc
configure:8827: cc -o conftest  -pthread   conftest.c -lnsl -lncursesw -lGeoIP -lpthread  >&5
conftest.c:82:6: warning: conflicting types for built-in function 'malloc'; expected 'void *(long unsigned int)' [-Wbuiltin-declaration-mismatch]
   82 | char malloc ();
      |      ^~~~~~
conftest.c:70:1: note: 'malloc' is declared in header '<stdlib.h>'
   69 | # include <limits.h>
   70 | #else
configure:8827: $? = 0
configure:8827: result: yes
configure:8838: checking for memmove
configure:8838: cc -o conftest  -pthread   conftest.c -lnsl -lncursesw -lGeoIP -lpthread  >&5
conftest.c:83:6: warning: conflicting types for built-in function 'memmove'; expected 'void *(void *, const void *, long unsigned int)' [-Wbuiltin-declaration-mismatch]
   83 | char memmove ();
      |      ^~~~~~~
conftest.c:71:1: note: 'memmove' is declared in header '<string.h>'
   70 | # include <limits.h>
   71 | #else
configure:8838: $? = 0
configure:8838: result: yes
configure:8849: checking for memset
configure:8849: cc -o conftest  -pthread   conftest.c -lnsl -lncursesw -lGeoIP -lpthread  >&5
conftest.c:84:6: warning: conflicting types for built-in function 'memset'; expected 'void *(void *, int,  long unsigned int)' [-Wbuiltin-declaration-mismatch]
   84 | char memset ();
      |      ^~~~~~
conftest.c:72:1: note: 'memset' is declared in header '<string.h>'
   71 | # include <limits.h>
   72 | #else
configure:8849: $? = 0
configure:8849: result: yes
configure:8860: checking for mkfifo
configure:8860: cc -o conftest  -pthread   conftest.c -lnsl -lncursesw -lGeoIP -lpthread  >&5
configure:8860: $? = 0
configure:8860: result: yes
configure:8871: checking for poll
configure:8871: cc -o conftest  -pthread   conftest.c -lnsl -lncursesw -lGeoIP -lpthread  >&5
configure:8871: $? = 0
configure:8871: result: yes
configure:8882: checking for realloc
configure:8882: cc -o conftest  -pthread   conftest.c -lnsl -lncursesw -lGeoIP -lpthread  >&5
conftest.c:87:6: warning: conflicting types for built-in function 'realloc'; expected 'void *(void *, long unsigned int)' [-Wbuiltin-declaration-mismatch]
   87 | char realloc ();
      |      ^~~~~~~
conftest.c:75:1: note: 'realloc' is declared in header '<stdlib.h>'
   74 | # include <limits.h>
   75 | #else
configure:8882: $? = 0
configure:8882: result: yes
configure:8893: checking for realpath
configure:8893: cc -o conftest  -pthread   conftest.c -lnsl -lncursesw -lGeoIP -lpthread  >&5
configure:8893: $? = 0
configure:8893: result: yes
configure:8904: checking for regcomp
configure:8904: cc -o conftest  -pthread   conftest.c -lnsl -lncursesw -lGeoIP -lpthread  >&5
configure:8904: $? = 0
configure:8904: result: yes
configure:8915: checking for setlocale
configure:8915: cc -o conftest  -pthread   conftest.c -lnsl -lncursesw -lGeoIP -lpthread  >&5
configure:8915: $? = 0
configure:8915: result: yes
configure:8926: checking for socket
configure:8926: cc -o conftest  -pthread   conftest.c -lnsl -lncursesw -lGeoIP -lpthread  >&5
configure:8926: $? = 0
configure:8926: result: yes
configure:8937: checking for strcasecmp
configure:8937: cc -o conftest  -pthread   conftest.c -lnsl -lncursesw -lGeoIP -lpthread  >&5
conftest.c:92:6: warning: conflicting types for built-in function 'strcasecmp'; expected 'int(const char *, const char *)' [-Wbuiltin-declaration-mismatch]
   92 | char strcasecmp ();
      |      ^~~~~~~~~~
configure:8937: $? = 0
configure:8937: result: yes
configure:8948: checking for strchr
configure:8948: cc -o conftest  -pthread   conftest.c -lnsl -lncursesw -lGeoIP -lpthread  >&5
conftest.c:93:6: warning: conflicting types for built-in function 'strchr'; expected 'char *(const char *, int)' [-Wbuiltin-declaration-mismatch]
   93 | char strchr ();
      |      ^~~~~~
conftest.c:81:1: note: 'strchr' is declared in header '<string.h>'
   80 | # include <limits.h>
   81 | #else
configure:8948: $? = 0
configure:8948: result: yes
configure:8959: checking for strcspn
configure:8959: cc -o conftest  -pthread   conftest.c -lnsl -lncursesw -lGeoIP -lpthread  >&5
conftest.c:94:6: warning: conflicting types for built-in function 'strcspn'; expected 'long unsigned int(const char *, const char *)' [-Wbuiltin-declaration-mismatch]
   94 | char strcspn ();
      |      ^~~~~~~
conftest.c:82:1: note: 'strcspn' is declared in header '<string.h>'
   81 | # include <limits.h>
   82 | #else
configure:8959: $? = 0
configure:8959: result: yes
configure:8970: checking for strdup
configure:8970: cc -o conftest  -pthread   conftest.c -lnsl -lncursesw -lGeoIP -lpthread  >&5
conftest.c:95:6: warning: conflicting types for built-in function 'strdup'; expected 'char *(const char *)' [-Wbuiltin-declaration-mismatch]
   95 | char strdup ();
      |      ^~~~~~
configure:8970: $? = 0
configure:8970: result: yes
configure:8981: checking for strerror
configure:8981: cc -o conftest  -pthread   conftest.c -lnsl -lncursesw -lGeoIP -lpthread  >&5
configure:8981: $? = 0
configure:8981: result: yes
configure:8992: checking for strncasecmp
configure:8992: cc -o conftest  -pthread   conftest.c -lnsl -lncursesw -lGeoIP -lpthread  >&5
conftest.c:97:6: warning: conflicting types for built-in function 'strncasecmp'; expected 'int(const char *, const char *, long unsigned int)' [-Wbuiltin-declaration-mismatch]
   97 | char strncasecmp ();
      |      ^~~~~~~~~~~
configure:8992: $? = 0
configure:8992: result: yes
configure:9003: checking for strpbrk
configure:9003: cc -o conftest  -pthread   conftest.c -lnsl -lncursesw -lGeoIP -lpthread  >&5
conftest.c:98:6: warning: conflicting types for built-in function 'strpbrk'; expected 'char *(const char *, const char *)' [-Wbuiltin-declaration-mismatch]
   98 | char strpbrk ();
      |      ^~~~~~~
conftest.c:86:1: note: 'strpbrk' is declared in header '<string.h>'
   85 | # include <limits.h>
   86 | #else
configure:9003: $? = 0
configure:9003: result: yes
configure:9014: checking for strrchr
configure:9014: cc -o conftest  -pthread   conftest.c -lnsl -lncursesw -lGeoIP -lpthread  >&5
conftest.c:99:6: warning: conflicting types for built-in function 'strrchr'; expected 'char *(const char *, int)' [-Wbuiltin-declaration-mismatch]
   99 | char strrchr ();
      |      ^~~~~~~
conftest.c:87:1: note: 'strrchr' is declared in header '<string.h>'
   86 | # include <limits.h>
   87 | #else
configure:9014: $? = 0
configure:9014: result: yes
configure:9025: checking for strspn
configure:9025: cc -o conftest  -pthread   conftest.c -lnsl -lncursesw -lGeoIP -lpthread  >&5
conftest.c:100:6: warning: conflicting types for built-in function 'strspn'; expected 'long unsigned int(const char *, const char *)' [-Wbuiltin-declaration-mismatch]
  100 | char strspn ();
      |      ^~~~~~
conftest.c:88:1: note: 'strspn' is declared in header '<string.h>'
   87 | # include <limits.h>
   88 | #else
configure:9025: $? = 0
configure:9025: result: yes
configure:9036: checking for strstr
configure:9036: cc -o conftest  -pthread   conftest.c -lnsl -lncursesw -lGeoIP -lpthread  >&5
conftest.c:101:6: warning: conflicting types for built-in function 'strstr'; expected 'char *(const char *, const char *)' [-Wbuiltin-declaration-mismatch]
  101 | char strstr ();
      |      ^~~~~~
conftest.c:89:1: note: 'strstr' is declared in header '<string.h>'
   88 | # include <limits.h>
   89 | #else
configure:9036: $? = 0
configure:9036: result: yes
configure:9047: checking for strtol
configure:9047: cc -o conftest  -pthread   conftest.c -lnsl -lncursesw -lGeoIP -lpthread  >&5
configure:9047: $? = 0
configure:9047: result: yes
configure:9058: checking for strtoull
configure:9058: cc -o conftest  -pthread   conftest.c -lnsl -lncursesw -lGeoIP -lpthread  >&5
configure:9058: $? = 0
configure:9058: result: yes
configure:9171: checking that generated files are newer than configure
configure:9177: result: done
configure:9228: creating ./config.status

## ---------------------- ##
## Running config.status. ##
## ---------------------- ##

This file was extended by goaccess config.status 1.5.6, which was
generated by GNU Autoconf 2.69.  Invocation command line was

  CONFIG_FILES    = 
  CONFIG_HEADERS  = 
  CONFIG_LINKS    = 
  CONFIG_COMMANDS = 
  $ ./config.status 

on CSE-135-hw1

config.status:962: creating Makefile
config.status:962: creating po/Makefile.in
config.status:962: creating src/config.h
config.status:1191: executing depfiles commands
config.status:1268: cd .       && sed -e '/# am--include-marker/d' Makefile         | make -f - am--depfiles
config.status:1273: $? = 0
config.status:1191: executing po-directories commands

## ---------------- ##
## Cache variables. ##
## ---------------- ##

ac_cv_build=x86_64-pc-linux-gnu
ac_cv_c_compiler_gnu=yes
ac_cv_c_const=yes
ac_cv_c_int64_t=yes
ac_cv_c_int8_t=yes
ac_cv_c_uint32_t=yes
ac_cv_c_uint64_t=yes
ac_cv_c_uint8_t=yes
ac_cv_env_CC_set=
ac_cv_env_CC_value=
ac_cv_env_CFLAGS_set=
ac_cv_env_CFLAGS_value=
ac_cv_env_CPPFLAGS_set=
ac_cv_env_CPPFLAGS_value=
ac_cv_env_CPP_set=
ac_cv_env_CPP_value=
ac_cv_env_LDFLAGS_set=
ac_cv_env_LDFLAGS_value=
ac_cv_env_LIBS_set=
ac_cv_env_LIBS_value=
ac_cv_env_build_alias_set=
ac_cv_env_build_alias_value=
ac_cv_env_host_alias_set=
ac_cv_env_host_alias_value=
ac_cv_env_target_alias_set=
ac_cv_env_target_alias_value=
ac_cv_func_SHA1Init=no
ac_cv_func_alarm=yes
ac_cv_func_floor=no
ac_cv_func_gethostbyaddr=yes
ac_cv_func_gethostbyname=yes
ac_cv_func_gettimeofday=yes
ac_cv_func_lstat_dereferences_slashed_symlink=yes
ac_cv_func_malloc=yes
ac_cv_func_memcmp_working=yes
ac_cv_func_memmove=yes
ac_cv_func_memset=yes
ac_cv_func_mkfifo=yes
ac_cv_func_poll=yes
ac_cv_func_realloc=yes
ac_cv_func_realpath=yes
ac_cv_func_regcomp=yes
ac_cv_func_setlocale=yes
ac_cv_func_socket=yes
ac_cv_func_stat_empty_string_bug=no
ac_cv_func_strcasecmp=yes
ac_cv_func_strchr=yes
ac_cv_func_strcspn=yes
ac_cv_func_strdup=yes
ac_cv_func_strerror=yes
ac_cv_func_strftime=yes
ac_cv_func_strncasecmp=yes
ac_cv_func_strpbrk=yes
ac_cv_func_strrchr=yes
ac_cv_func_strspn=yes
ac_cv_func_strstr=yes
ac_cv_func_strtod=yes
ac_cv_func_strtol=yes
ac_cv_func_strtoull=yes
ac_cv_func_working_mktime=yes
ac_cv_header_arpa_inet_h=yes
ac_cv_header_fcntl_h=yes
ac_cv_header_inttypes_h=yes
ac_cv_header_limits_h=yes
ac_cv_header_locale_h=yes
ac_cv_header_memory_h=yes
ac_cv_header_ncurses_h=yes
ac_cv_header_ncursesw_ncurses_h=yes
ac_cv_header_netdb_h=yes
ac_cv_header_netinet_in_h=yes
ac_cv_header_sha1_h=no
ac_cv_header_sha_h=no
ac_cv_header_stdc=yes
ac_cv_header_stddef_h=yes
ac_cv_header_stdint_h=yes
ac_cv_header_stdlib_h=yes
ac_cv_header_string_h=yes
ac_cv_header_strings_h=yes
ac_cv_header_sys_socket_h=yes
ac_cv_header_sys_stat_h=yes
ac_cv_header_sys_time_h=yes
ac_cv_header_sys_types_h=yes
ac_cv_header_time=yes
ac_cv_header_unistd_h=yes
ac_cv_host=x86_64-pc-linux-gnu
ac_cv_lib_GeoIP_GeoIP_new=yes
ac_cv_lib_intl_dgettext=no
ac_cv_lib_intl_libintl_dgettext=no
ac_cv_lib_ncursesw___mvaddwstr=yes
ac_cv_lib_nsl_gethostbyname=yes
ac_cv_lib_pthread_pthread_create=yes
ac_cv_lib_socket_socket=no
ac_cv_objext=o
ac_cv_path_EGREP='/usr/bin/grep -E'
ac_cv_path_GMSGFMT=:
ac_cv_path_GREP=/usr/bin/grep
ac_cv_path_MSGFMT=:
ac_cv_path_MSGMERGE=:
ac_cv_path_SED=/usr/bin/sed
ac_cv_path_XGETTEXT=:
ac_cv_path_install='/usr/bin/install -c'
ac_cv_path_mkdir=/usr/bin/mkdir
ac_cv_prog_AWK=gawk
ac_cv_prog_CPP='cc -E'
ac_cv_prog_SED_CHECK=yes
ac_cv_prog_TR_CHECK=yes
ac_cv_prog_ac_ct_CC=cc
ac_cv_prog_cc_c89=
ac_cv_prog_cc_g=yes
ac_cv_prog_make_make_set=yes
ac_cv_search_tputs='none required'
ac_cv_struct_tm=time.h
ac_cv_sys_largefile_source=no
ac_cv_type_off_t=yes
ac_cv_type_ptrdiff_t=yes
ac_cv_type_size_t=yes
acl_cv_hardcode_direct=no
acl_cv_hardcode_libdir_flag_spec='${wl}-rpath ${wl}$libdir'
acl_cv_hardcode_libdir_separator=
acl_cv_hardcode_minus_L=no
acl_cv_libext=a
acl_cv_libname_spec='lib$name'
acl_cv_library_names_spec='$libname$shrext'
acl_cv_path_LD=/usr/bin/ld
acl_cv_prog_gnu_ld=yes
acl_cv_rpath=done
acl_cv_shlibext=so
acl_cv_wl=-Wl,
am_cv_CC_dependencies_compiler_type=gcc3
am_cv_make_support_nested_variables=yes
am_cv_prog_cc_c_o=yes
gt_cv_func_CFLocaleCopyCurrent=no
gt_cv_func_CFPreferencesCopyAppValue=no
gt_cv_func_gnugettext1_libc=yes

## ----------------- ##
## Output variables. ##
## ----------------- ##

ACLOCAL='${SHELL} /var/www/theboringweb.site/goaccess-1.5.6/missing aclocal-1.16'
AMDEPBACKSLASH='\'
AMDEP_FALSE='#'
AMDEP_TRUE=''
AMTAR='$${TAR-tar}'
AM_BACKSLASH='\'
AM_DEFAULT_V='$(AM_DEFAULT_VERBOSITY)'
AM_DEFAULT_VERBOSITY='1'
AM_V='$(V)'
AUTOCONF='${SHELL} /var/www/theboringweb.site/goaccess-1.5.6/missing autoconf'
AUTOHEADER='${SHELL} /var/www/theboringweb.site/goaccess-1.5.6/missing autoheader'
AUTOMAKE='${SHELL} /var/www/theboringweb.site/goaccess-1.5.6/missing automake-1.16'
AWK='gawk'
CC='cc'
CCDEPMODE='depmode=gcc3'
CFLAGS=' -pthread'
CPP='cc -E'
CPPFLAGS=''
CYGPATH_W='echo'
DEBUG_FALSE=''
DEBUG_TRUE='#'
DEFS='-DHAVE_CONFIG_H'
DEPDIR='.deps'
ECHO_C=''
ECHO_N='-n'
ECHO_T=''
EGREP='/usr/bin/grep -E'
EXEEXT=''
GEOIP_LEGACY_FALSE='#'
GEOIP_LEGACY_TRUE=''
GEOIP_MMDB_FALSE=''
GEOIP_MMDB_TRUE='#'
GETTEXT_MACRO_VERSION='0.19'
GMSGFMT=':'
GMSGFMT_015=':'
GREP='/usr/bin/grep'
HAS_SEDTR_FALSE='#'
HAS_SEDTR_TRUE=''
INSTALL_DATA='${INSTALL} -m 644'
INSTALL_PROGRAM='${INSTALL}'
INSTALL_SCRIPT='${INSTALL}'
INSTALL_STRIP_PROGRAM='$(install_sh) -c -s'
INTLLIBS=''
INTL_MACOSX_LIBS=''
LDFLAGS=''
LIBICONV='-liconv'
LIBINTL=''
LIBOBJS=''
LIBS='-lnsl -lncursesw -lGeoIP -lpthread '
LTLIBICONV='-liconv'
LTLIBINTL=''
LTLIBOBJS=''
MAKEINFO='${SHELL} /var/www/theboringweb.site/goaccess-1.5.6/missing makeinfo'
MKDIR_P='/usr/bin/mkdir -p'
MSGFMT=':'
MSGFMT_015=':'
MSGMERGE=':'
OBJEXT='o'
PACKAGE='goaccess'
PACKAGE_BUGREPORT='hello@goaccess.io'
PACKAGE_NAME='goaccess'
PACKAGE_STRING='goaccess 1.5.6'
PACKAGE_TARNAME='goaccess'
PACKAGE_URL='https://goaccess.io'
PACKAGE_VERSION='1.5.6'
PATH_SEPARATOR=':'
POSUB='po'
POW_LIB=''
SED='/usr/bin/sed'
SED_CHECK='yes'
SET_MAKE=''
SHELL='/bin/bash'
STRIP=''
TR_CHECK='yes'
USE_MMAP_FALSE=''
USE_MMAP_TRUE='#'
USE_NLS='yes'
USE_SHA1_FALSE='#'
USE_SHA1_TRUE=''
VERSION='1.5.6'
WITH_RDYNAMIC_FALSE='#'
WITH_RDYNAMIC_TRUE=''
XGETTEXT=':'
XGETTEXT_015=':'
XGETTEXT_EXTRA_OPTIONS=''
ac_ct_CC='cc'
am__EXEEXT_FALSE=''
am__EXEEXT_TRUE='#'
am__fastdepCC_FALSE='#'
am__fastdepCC_TRUE=''
am__include='include'
am__isrc=''
am__leading_dot='.'
am__nodep='_no'
am__quote=''
am__tar='$${TAR-tar} chof - "$$tardir"'
am__untar='$${TAR-tar} xf -'
bindir='${exec_prefix}/bin'
build='x86_64-pc-linux-gnu'
build_alias=''
build_cpu='x86_64'
build_os='linux-gnu'
build_vendor='pc'
datadir='${datarootdir}'
datarootdir='${prefix}/share'
docdir='${datarootdir}/doc/${PACKAGE_TARNAME}'
dvidir='${docdir}'
exec_prefix='${prefix}'
host='x86_64-pc-linux-gnu'
host_alias=''
host_cpu='x86_64'
host_os='linux-gnu'
host_vendor='pc'
htmldir='${docdir}'
includedir='${prefix}/include'
infodir='${datarootdir}/info'
install_sh='${SHELL} /var/www/theboringweb.site/goaccess-1.5.6/install-sh'
libdir='${exec_prefix}/lib'
libexecdir='${exec_prefix}/libexec'
localedir='${datarootdir}/locale'
localstatedir='${prefix}/var'
mandir='${datarootdir}/man'
mkdir_p='$(MKDIR_P)'
oldincludedir='/usr/include'
pdfdir='${docdir}'
prefix='/usr/local'
program_transform_name='s,x,x,'
psdir='${docdir}'
runstatedir='${localstatedir}/run'
sbindir='${exec_prefix}/sbin'
sharedstatedir='${prefix}/com'
sysconfdir='${prefix}/etc'
target_alias=''

## ----------- ##
## confdefs.h. ##
## ----------- ##

/* confdefs.h */
#define PACKAGE_NAME "goaccess"
#define PACKAGE_TARNAME "goaccess"
#define PACKAGE_VERSION "1.5.6"
#define PACKAGE_STRING "goaccess 1.5.6"
#define PACKAGE_BUGREPORT "hello@goaccess.io"
#define PACKAGE_URL "https://goaccess.io"
#define PACKAGE "goaccess"
#define VERSION "1.5.6"
#define ENABLE_NLS 1
#define HAVE_GETTEXT 1
#define HAVE_DCGETTEXT 1
#define HAVE_LIBPTHREAD 1
#define STDC_HEADERS 1
#define HAVE_SYS_TYPES_H 1
#define HAVE_SYS_STAT_H 1
#define HAVE_STDLIB_H 1
#define HAVE_STRING_H 1
#define HAVE_MEMORY_H 1
#define HAVE_STRINGS_H 1
#define HAVE_INTTYPES_H 1
#define HAVE_STDINT_H 1
#define HAVE_UNISTD_H 1
#define HAVE_LIBGEOIP 1
#define HAVE_GEOLOCATION 1
#define HAVE_LIBNCURSESW 1
#define HAVE_LIBNCURSESW 1
#define HAVE_NCURSESW_NCURSES_H 1
#define HAVE_NCURSES_H 1
#define HAVE_LIBNSL 1
#define STDC_HEADERS 1
#define HAVE_ARPA_INET_H 1
#define HAVE_FCNTL_H 1
#define HAVE_INTTYPES_H 1
#define HAVE_LIMITS_H 1
#define HAVE_LOCALE_H 1
#define HAVE_NETDB_H 1
#define HAVE_NETINET_IN_H 1
#define HAVE_STDDEF_H 1
#define HAVE_STDINT_H 1
#define HAVE_STDLIB_H 1
#define HAVE_STRING_H 1
#define HAVE_STRINGS_H 1
#define HAVE_SYS_SOCKET_H 1
#define HAVE_SYS_TIME_H 1
#define HAVE_UNISTD_H 1
#define HAVE_PTRDIFF_T 1
#define HAVE_FSEEKO 1
#define TIME_WITH_SYS_TIME 1
#define HAVE_SYS_TIME_H 1
#define HAVE_UNISTD_H 1
#define HAVE_ALARM 1
#define LSTAT_FOLLOWS_SLASHED_SYMLINK 1
#define HAVE_STRFTIME 1
#define HAVE_GETHOSTBYADDR 1
#define HAVE_GETHOSTBYNAME 1
#define HAVE_GETTIMEOFDAY 1
#define HAVE_MALLOC 1
#define HAVE_MEMMOVE 1
#define HAVE_MEMSET 1
#define HAVE_MKFIFO 1
#define HAVE_POLL 1
#define HAVE_REALLOC 1
#define HAVE_REALPATH 1
#define HAVE_REGCOMP 1
#define HAVE_SETLOCALE 1
#define HAVE_SOCKET 1
#define HAVE_STRCASECMP 1
#define HAVE_STRCHR 1
#define HAVE_STRCSPN 1
#define HAVE_STRDUP 1
#define HAVE_STRERROR 1
#define HAVE_STRNCASECMP 1
#define HAVE_STRPBRK 1
#define HAVE_STRRCHR 1
#define HAVE_STRSPN 1
#define HAVE_STRSTR 1
#define HAVE_STRTOL 1
#define HAVE_STRTOULL 1

configure: exit 0
